  Client.cpp
  Game.cpp
C:\Users\gameuser\Desktop\tech\OnlineGamingTechnology\Networked Tag Game\Client - this to play\Tut 7 - Server\Game.cpp(40,29): warning C4244: 'argument': conversion from 'float' to 'unsigned int', possible loss of data
C:\Users\gameuser\Desktop\tech\OnlineGamingTechnology\Networked Tag Game\Client - this to play\Tut 7 - Server\Game.cpp(45,27): warning C4244: 'argument': conversion from 'float' to 'unsigned int', possible loss of data
  Main.cpp
  Player.cpp
C:\Users\gameuser\Desktop\tech\OnlineGamingTechnology\Networked Tag Game\Client - this to play\Tut 7 - Server\Player.cpp(22,26): warning C4244: 'argument': conversion from 'float' to 'unsigned int', possible loss of data
C:\Users\gameuser\Desktop\tech\OnlineGamingTechnology\Networked Tag Game\Client - this to play\Tut 7 - Server\Player.cpp(112,25): warning C4244: 'argument': conversion from 'int' to 'float', possible loss of data
C:\Users\gameuser\Desktop\tech\OnlineGamingTechnology\Networked Tag Game\Client - this to play\Tut 7 - Server\Player.cpp(116,24): warning C4244: 'argument': conversion from 'int' to 'float', possible loss of data
C:\Users\gameuser\Desktop\tech\OnlineGamingTechnology\Networked Tag Game\Client - this to play\Tut 7 - Server\Player.cpp(120,22): warning C4244: 'argument': conversion from 'int' to 'float', possible loss of data
C:\Users\gameuser\Desktop\tech\OnlineGamingTechnology\Networked Tag Game\Client - this to play\Tut 7 - Server\Player.cpp(124,21): warning C4244: 'argument': conversion from 'int' to 'float', possible loss of data
C:\Users\gameuser\Desktop\tech\OnlineGamingTechnology\Networked Tag Game\Client - this to play\Tut 7 - Server\Player.cpp(132,18): warning C4244: 'argument': conversion from 'int' to 'float', possible loss of data
C:\Users\gameuser\Desktop\tech\OnlineGamingTechnology\Networked Tag Game\Client - this to play\Tut 7 - Server\Player.cpp(136,18): warning C4244: 'argument': conversion from 'int' to 'float', possible loss of data
C:\Users\gameuser\Desktop\tech\OnlineGamingTechnology\Networked Tag Game\Client - this to play\Tut 7 - Server\Player.cpp(140,15): warning C4244: 'argument': conversion from 'int' to 'float', possible loss of data
C:\Users\gameuser\Desktop\tech\OnlineGamingTechnology\Networked Tag Game\Client - this to play\Tut 7 - Server\Player.cpp(144,15): warning C4244: 'argument': conversion from 'int' to 'float', possible loss of data
C:\Users\gameuser\Desktop\tech\OnlineGamingTechnology\Networked Tag Game\Client - this to play\Tut 7 - Server\Player.cpp(152,18): warning C4244: 'argument': conversion from 'int' to 'float', possible loss of data
C:\Users\gameuser\Desktop\tech\OnlineGamingTechnology\Networked Tag Game\Client - this to play\Tut 7 - Server\Player.cpp(156,18): warning C4244: 'argument': conversion from 'int' to 'float', possible loss of data
C:\Users\gameuser\Desktop\tech\OnlineGamingTechnology\Networked Tag Game\Client - this to play\Tut 7 - Server\Player.cpp(160,15): warning C4244: 'argument': conversion from 'int' to 'float', possible loss of data
C:\Users\gameuser\Desktop\tech\OnlineGamingTechnology\Networked Tag Game\Client - this to play\Tut 7 - Server\Player.cpp(164,15): warning C4244: 'argument': conversion from 'int' to 'float', possible loss of data
  SendGetMethods.cpp
  Generating Code...
  Tut 7 - Server.vcxproj -> C:\Users\gameuser\Desktop\tech\OnlineGamingTechnology\Networked Tag Game\Client - this to play\Debug\Tut 7 - Server.exe
